<?xml version="1.0" encoding="UTF-8" standalone="yes"?><!DOCTYPE report PUBLIC "-//JACOCO//DTD Report 1.1//EN" "report.dtd"><report name="auth-backend"><sessioninfo id="paula-8defa212" start="1775016268284" dump="1775016268722"/><sessioninfo id="paula-53bb7b32" start="1775016359305" dump="1775016360481"/><sessioninfo id="paula-db68ef53" start="1775016392600" dump="1775016393911"/><sessioninfo id="paula-2e9b9ca3" start="1775017343937" dump="1775017345056"/><sessioninfo id="paula-a9f1b118" start="1775018828333" dump="1775018829428"/><sessioninfo id="paula-159b7ff7" start="1775019252198" dump="1775019253945"/><sessioninfo id="paula-147114b" start="1775019618950" dump="1775019620684"/><sessioninfo id="paula-81b9dd16" start="1775019774067" dump="1775019775710"/><sessioninfo id="paula-776111c1" start="1775019896929" dump="1775019898615"/><sessioninfo id="paula-d7e1922" start="1775020224087" dump="1775020225822"/><sessioninfo id="paula-b79def78" start="1775020703098" dump="1775020710158"/><sessioninfo id="paula-5c532389" start="1775021064958" dump="1775021071819"/><sessioninfo id="paula-ecbf404e" start="1775021455019" dump="1775021461649"/><sessioninfo id="paula-d8ffa276" start="1775021752204" dump="1775021758709"/><sessioninfo id="paula-1eccf32c" start="1775021926714" dump="1775021933300"/><sessioninfo id="paula-5d9b10a5" start="1775022517756" dump="1775022524246"/><sessioninfo id="paula-a1220585" start="1775022779893" dump="1775022785890"/><sessioninfo id="paula-be043109" start="1775023147062" dump="1775023153503"/><sessioninfo id="paula-10695243" start="1775023394813" dump="1775023401260"/><sessioninfo id="paula-31c4bc55" start="1775023538015" dump="1775023544263"/><sessioninfo id="paula-82654955" start="1775023729825" dump="1775023734113"/><sessioninfo id="paula-c1049db" start="1775023971953" dump="1775023976279"/><sessioninfo id="paula-e7873271" start="1775024166130" dump="1775024172233"/><sessioninfo id="paula-1fe7c400" start="1775024379798" dump="1775024386102"/><sessioninfo id="paula-9f181763" start="1775024446729" dump="1775024452952"/><sessioninfo id="paula-256e003a" start="1775024492827" dump="1775024498913"/><sessioninfo id="paula-e106ebb6" start="1775024827161" dump="1775024833682"/><sessioninfo id="paula-c7f0ac74" start="1775025023091" dump="1775025029369"/><sessioninfo id="paula-156fb657" start="1775025043073" dump="1775025049613"/><sessioninfo id="paula-70d0d04f" start="1775025073993" dump="1775025080462"/><package name="com/econocom/auth/util"><class name="com/econocom/auth/util/JwtUtil" sourcefilename="JwtUtil.java"><method name="&lt;init&gt;" desc="()V" line="17"><counter type="INSTRUCTION" missed="0" covered="3"/><counter type="LINE" missed="0" covered="1"/><counter type="COMPLEXITY" missed="0" covered="1"/><counter type="METHOD" missed="0" covered="1"/></method><method name="getSigningKey" desc="()Ljavax/crypto/SecretKey;" line="36"><counter type="INSTRUCTION" missed="0" covered="6"/><counter type="LINE" missed="0" covered="1"/><counter type="COMPLEXITY" missed="0" covered="1"/><counter type="METHOD" missed="0" covered="1"/></method><method name="extractEmail" desc="(Ljava/lang/String;)Ljava/lang/String;" line="48"><counter type="INSTRUCTION" missed="0" covered="6"/><counter type="LINE" missed="0" covered="1"/><counter type="COMPLEXITY" missed="0" covered="1"/><counter type="METHOD" missed="0" covered="1"/></method><method name="extractExpiration" desc="(Ljava/lang/String;)Ljava/util/Date;" line="60"><counter type="INSTRUCTION" missed="0" covered="6"/><counter type="LINE" missed="0" covered="1"/><counter type="COMPLEXITY" missed="0" covered="1"/><counter type="METHOD" missed="0" covered="1"/></method><method name="extractClaim" desc="(Ljava/lang/String;Ljava/util/function/Function;)Ljava/lang/Object;" line="74"><counter type="INSTRUCTION" missed="0" covered="8"/><counter type="LINE" missed="0" covered="2"/><counter type="COMPLEXITY" missed="0" covered="1"/><counter type="METHOD" missed="0" covered="1"/></method><method name="extractAllClaims" desc="(Ljava/lang/String;)Lio/jsonwebtoken/Claims;" line="88"><counter type="INSTRUCTION" missed="0" covered="10"/><counter type="LINE" missed="0" covered="5"/><counter type="COMPLEXITY" missed="0" covered="1"/><counter type="METHOD" missed="0" covered="1"/></method><method name="isTokenExpired" desc="(Ljava/lang/String;)Ljava/lang/Boolean;" line="104"><counter type="INSTRUCTION" missed="0" covered="9"/><counter type="LINE" missed="0" covered="1"/><counter type="COMPLEXITY" missed="0" covered="1"/><counter type="METHOD" missed="0" covered="1"/></method><method name="generateToken" desc="(Ljava/lang/String;)Ljava/lang/String;" line="116"><counter type="INSTRUCTION" missed="0" covered="11"/><counter type="LINE" missed="0" covered="2"/><counter type="COMPLEXITY" missed="0" covered="1"/><counter type="METHOD" missed="0" covered="1"/></method><method name="generateRefreshToken" desc="(Ljava/lang/String;)Ljava/lang/String;" line="131"><counter type="INSTRUCTION" missed="0" covered="11"/><counter type="LINE" missed="0" covered="2"/><counter type="COMPLEXITY" missed="0" covered="1"/><counter type="METHOD" missed="0" covered="1"/></method><method name="createToken" desc="(Ljava/util/Map;Ljava/lang/String;J)Ljava/lang/String;" line="147"><counter type="INSTRUCTION" missed="0" covered="22"/><counter type="LINE" missed="0" covered="7"/><counter type="COMPLEXITY" missed="0" covered="1"/><counter type="METHOD" missed="0" covered="1"/></method><method name="validateToken" desc="(Ljava/lang/String;)Ljava/lang/Boolean;" line="166"><counter type="INSTRUCTION" missed="2" covered="12"/><counter type="BRANCH" missed="1" covered="1"/><counter type="LINE" missed="0" covered="3"/><counter type="COMPLEXITY" missed="1" covered="1"/><counter type="METHOD" missed="0" covered="1"/></method><method name="getEmailFromToken" desc="(Ljava/lang/String;)Ljava/lang/String;" line="184"><counter type="INSTRUCTION" missed="0" covered="4"/><counter type="LINE" missed="0" covered="1"/><counter type="COMPLEXITY" missed="0" covered="1"/><counter type="METHOD" missed="0" covered="1"/></method><method name="refreshToken" desc="(Ljava/lang/String;)Ljava/lang/String;" line="198"><counter type="INSTRUCTION" missed="0" covered="11"/><counter type="LINE" missed="0" covered="3"/><counter type="COMPLEXITY" missed="0" covered="1"/><counter type="METHOD" missed="0" covered="1"/></method><counter type="INSTRUCTION" missed="2" covered="119"/><counter type="BRANCH" missed="1" covered="1"/><counter type="LINE" missed="0" covered="30"/><counter type="COMPLEXITY" missed="1" covered="13"/><counter type="METHOD" missed="0" covered="13"/><counter type="CLASS" missed="0" covered="1"/></class><class name="com/econocom/auth/util/LoggingUtil" sourcefilename="LoggingUtil.java"><method name="log" desc="(Lorg/slf4j/Logger;Ljava/lang/String;Ljava/lang/String;Ljava/lang/String;Ljava/lang/String;)V" line="36"><counter type="INSTRUCTION" missed="0" covered="63"/><counter type="BRANCH" missed="0" covered="10"/><counter type="LINE" missed="0" covered="21"/><counter type="COMPLEXITY" missed="0" covered="8"/><counter type="METHOD" missed="0" covered="1"/></method><counter type="INSTRUCTION" missed="0" covered="63"/><counter type="BRANCH" missed="0" covered="10"/><counter type="LINE" missed="0" covered="21"/><counter type="COMPLEXITY" missed="0" covered="8"/><counter type="METHOD" missed="0" covered="1"/><counter type="CLASS" missed="0" covered="1"/></class><sourcefile name="LoggingUtil.java"><line nr="36" mi="0" ci="2" mb="0" cb="2"/><line nr="37" mi="0" ci="1" mb="0" cb="0"/><line nr="40" mi="0" ci="2" mb="0" cb="0"/><line nr="42" mi="0" ci="2" mb="0" cb="2"/><line nr="44" mi="0" ci="2" mb="0" cb="0"/><line nr="46" mi="0" ci="1" mb="0" cb="0"/><line nr="47" mi="0" ci="2" mb="0" cb="0"/><line nr="50" mi="0" ci="21" mb="0" cb="0"/><line nr="52" mi="0" ci="6" mb="0" cb="6"/><line nr="55" mi="0" ci="3" mb="0" cb="0"/><line nr="56" mi="0" ci="1" mb="0" cb="0"/><line nr="59" mi="0" ci="3" mb="0" cb="0"/><line nr="60" mi="0" ci="1" mb="0" cb="0"/><line nr="63" mi="0" ci="3" mb="0" cb="0"/><line nr="64" mi="0" ci="1" mb="0" cb="0"/><line nr="67" mi="0" ci="3" mb="0" cb="0"/><line nr="68" mi="0" ci="1" mb="0" cb="0"/><line nr="71" mi="0" ci="3" mb="0" cb="0"/><line nr="72" mi="0" ci="1" mb="0" cb="0"/><line nr="75" mi="0" ci="3" mb="0" cb="0"/><line nr="77" mi="0" ci="1" mb="0" cb="0"/><counter type="INSTRUCTION" missed="0" covered="63"/><counter type="BRANCH" missed="0" covered="10"/><counter type="LINE" missed="0" covered="21"/><counter type="COMPLEXITY" missed="0" covered="8"/><counter type="METHOD" missed="0" covered="1"/><counter type="CLASS" missed="0" covered="1"/></sourcefile><sourcefile name="JwtUtil.java"><line nr="17" mi="0" ci="3" mb="0" cb="0"/><line nr="36" mi="0" ci="6" mb="0" cb="0"/><line nr="48" mi="0" ci="6" mb="0" cb="0"/><line nr="60" mi="0" ci="6" mb="0" cb="0"/><line nr="74" mi="0" ci="4" mb="0" cb="0"/><line nr="76" mi="0" ci="4" mb="0" cb="0"/><line nr="88" mi="0" ci="2" mb="0" cb="0"/><line nr="89" mi="0" ci="3" mb="0" cb="0"/><line nr="90" mi="0" ci="1" mb="0" cb="0"/><line nr="91" mi="0" ci="2" mb="0" cb="0"/><line nr="92" mi="0" ci="2" mb="0" cb="0"/><line nr="104" mi="0" ci="9" mb="0" cb="0"/><line nr="116" mi="0" ci="4" mb="0" cb="0"/><line nr="118" mi="0" ci="7" mb="0" cb="0"/><line nr="131" mi="0" ci="4" mb="0" cb="0"/><line nr="133" mi="0" ci="7" mb="0" cb="0"/><line nr="147" mi="0" ci="2" mb="0" cb="0"/><line nr="148" mi="0" ci="2" mb="0" cb="0"/><line nr="149" mi="0" ci="2" mb="0" cb="0"/><line nr="150" mi="0" ci="5" mb="0" cb="0"/><line nr="151" mi="0" ci="7" mb="0" cb="0"/><line nr="152" mi="0" ci="3" mb="0" cb="0"/><line nr="153" mi="0" ci="1" mb="0" cb="0"/><line nr="166" mi="2" ci="8" mb="1" cb="1"/><line nr="168" mi="0" ci="1" mb="0" cb="0"/><line nr="170" mi="0" ci="3" mb="0" cb="0"/><line nr="184" mi="0" ci="4" mb="0" cb="0"/><line nr="198" mi="0" ci="4" mb="0" cb="0"/><line nr="200" mi="0" ci="3" mb="0" cb="0"/><line nr="202" mi="0" ci="4" mb="0" cb="0"/><counter type="INSTRUCTION" missed="2" covered="119"/><counter type="BRANCH" missed="1" covered="1"/><counter type="LINE" missed="0" covered="30"/><counter type="COMPLEXITY" missed="1" covered="13"/><counter type="METHOD" missed="0" covered="13"/><counter type="CLASS" missed="0" covered="1"/></sourcefile><counter type="INSTRUCTION" missed="2" covered="182"/><counter type="BRANCH" missed="1" covered="11"/><counter type="LINE" missed="0" covered="51"/><counter type="COMPLEXITY" missed="1" covered="21"/><counter type="METHOD" missed="0" covered="14"/><counter type="CLASS" missed="0" covered="2"/></package><package name="com/econocom/auth/exception"><class name="com/econocom/auth/exception/AuthenticationException" sourcefilename="AuthenticationException.java"><method name="&lt;init&gt;" desc="(Ljava/lang/String;)V" line="9"><counter type="INSTRUCTION" missed="0" covered="4"/><counter type="LINE" missed="0" covered="2"/><counter type="COMPLEXITY" missed="0" covered="1"/><counter type="METHOD" missed="0" covered="1"/></method><counter type="INSTRUCTION" missed="0" covered="4"/><counter type="LINE" missed="0" covered="2"/><counter type="COMPLEXITY" missed="0" covered="1"/><counter type="METHOD" missed="0" covered="1"/><counter type="CLASS" missed="0" covered="1"/></class><class name="com/econocom/auth/exception/GlobalExceptionHandler" sourcefilename="GlobalExceptionHandler.java"><method name="&lt;init&gt;" desc="()V" line="19"><counter type="INSTRUCTION" missed="0" covered="3"/><counter type="LINE" missed="0" covered="1"/><counter type="COMPLEXITY" missed="0" covered="1"/><counter type="METHOD" missed="0" covered="1"/></method><method name="handleInvalidCredentials" desc="(Lcom/econocom/auth/exception/InvalidCredentialsException;)Lorg/springframework/http/ResponseEntity;" line="24"><counter type="INSTRUCTION" missed="0" covered="14"/><counter type="LINE" missed="0" covered="5"/><counter type="COMPLEXITY" missed="0" covered="1"/><counter type="METHOD" missed="0" covered="1"/></method><method name="handleSsoException" desc="(Lcom/econocom/auth/exception/SsoException;)Lorg/springframework/http/ResponseEntity;" line="36"><counter type="INSTRUCTION" missed="0" covered="14"/><counter type="LINE" missed="0" covered="5"/><counter type="COMPLEXITY" missed="0" covered="1"/><counter type="METHOD" missed="0" covered="1"/></method><method name="handleAuthenticationException" desc="(Lcom/econocom/auth/exception/AuthenticationException;)Lorg/springframework/http/ResponseEntity;" line="48"><counter type="INSTRUCTION" missed="14" covered="0"/><counter type="LINE" missed="5" covered="0"/><counter type="COMPLEXITY" missed="1" covered="0"/><counter type="METHOD" missed="1" covered="0"/></method><method name="handleIllegalArgument" desc="(Ljava/lang/IllegalArgumentException;)Lorg/springframework/http/ResponseEntity;" line="60"><counter type="INSTRUCTION" missed="0" covered="33"/><counter type="LINE" missed="0" covered="6"/><counter type="COMPLEXITY" missed="0" covered="1"/><counter type="METHOD" missed="0" covered="1"/></method><method name="handleGenericException" desc="(Ljava/lang/Exception;)Lorg/springframework/http/ResponseEntity;" line="73"><counter type="INSTRUCTION" missed="32" covered="0"/><counter type="LINE" missed="6" covered="0"/><counter type="COMPLEXITY" missed="1" covered="0"/><counter type="METHOD" missed="1" covered="0"/></method><counter type="INSTRUCTION" missed="46" covered="64"/><counter type="LINE" missed="11" covered="17"/><counter type="COMPLEXITY" missed="2" covered="4"/><counter type="METHOD" missed="2" covered="4"/><counter type="CLASS" missed="0" covered="1"/></class><class name="com/econocom/auth/exception/SsoException" sourcefilename="SsoException.java"><method name="&lt;init&gt;" desc="(Ljava/lang/String;)V" line="6"><counter type="INSTRUCTION" missed="0" covered="4"/><counter type="LINE" missed="0" covered="2"/><counter type="COMPLEXITY" missed="0" covered="1"/><counter type="METHOD" missed="0" covered="1"/></method><counter type="INSTRUCTION" missed="0" covered="4"/><counter type="LINE" missed="0" covered="2"/><counter type="COMPLEXITY" missed="0" covered="1"/><counter type="METHOD" missed="0" covered="1"/><counter type="CLASS" missed="0" covered="1"/></class><class name="com/econocom/auth/exception/InvalidCredentialsException" sourcefilename="InvalidCredentialsException.java"><method name="&lt;init&gt;" desc="()V" line="6"><counter type="INSTRUCTION" missed="0" covered="4"/><counter type="LINE" missed="0" covered="2"/><counter type="COMPLEXITY" missed="0" covered="1"/><counter type="METHOD" missed="0" covered="1"/></method><counter type="INSTRUCTION" missed="0" covered="4"/><counter type="LINE" missed="0" covered="2"/><counter type="COMPLEXITY" missed="0" covered="1"/><counter type="METHOD" missed="0" covered="1"/><counter type="CLASS" missed="0" covered="1"/></class><sourcefile name="GlobalExceptionHandler.java"><line nr="19" mi="0" ci="3" mb="0" cb="0"/><line nr="24" mi="0" ci="4" mb="0" cb="0"/><line nr="25" mi="0" ci="2" mb="0" cb="0"/><line nr="26" mi="0" ci="2" mb="0" cb="0"/><line nr="27" mi="0" ci="1" mb="0" cb="0"/><line nr="30" mi="0" ci="5" mb="0" cb="0"/><line nr="36" mi="0" ci="4" mb="0" cb="0"/><line nr="37" mi="0" ci="2" mb="0" cb="0"/><line nr="38" mi="0" ci="2" mb="0" cb="0"/><line nr="39" mi="0" ci="1" mb="0" cb="0"/><line nr="42" mi="0" ci="5" mb="0" cb="0"/><line nr="48" mi="4" ci="0" mb="0" cb="0"/><line nr="49" mi="2" ci="0" mb="0" cb="0"/><line nr="50" mi="2" ci="0" mb="0" cb="0"/><line nr="51" mi="1" ci="0" mb="0" cb="0"/><line nr="54" mi="5" ci="0" mb="0" cb="0"/><line nr="60" mi="0" ci="4" mb="0" cb="0"/><line nr="62" mi="0" ci="6" mb="0" cb="0"/><line nr="63" mi="0" ci="6" mb="0" cb="0"/><line nr="64" mi="0" ci="5" mb="0" cb="0"/><line nr="65" mi="0" ci="6" mb="0" cb="0"/><line nr="67" mi="0" ci="6" mb="0" cb="0"/><line nr="73" mi="4" ci="0" mb="0" cb="0"/><line nr="75" mi="6" ci="0" mb="0" cb="0"/><line nr="76" mi="6" ci="0" mb="0" cb="0"/><line nr="77" mi="5" ci="0" mb="0" cb="0"/><line nr="78" mi="5" ci="0" mb="0" cb="0"/><line nr="80" mi="6" ci="0" mb="0" cb="0"/><counter type="INSTRUCTION" missed="46" covered="64"/><counter type="LINE" missed="11" covered="17"/><counter type="COMPLEXITY" missed="2" covered="4"/><counter type="METHOD" missed="2" covered="4"/><counter type="CLASS" missed="0" covered="1"/></sourcefile><sourcefile name="AuthenticationException.java"><line nr="9" mi="0" ci="3" mb="0" cb="0"/><line nr="10" mi="0" ci="1" mb="0" cb="0"/><counter type="INSTRUCTION" missed="0" covered="4"/><counter type="LINE" missed="0" covered="2"/><counter type="COMPLEXITY" missed="0" covered="1"/><counter type="METHOD" missed="0" covered="1"/><counter type="CLASS" missed="0" covered="1"/></sourcefile><sourcefile name="SsoException.java"><line nr="6" mi="0" ci="3" mb="0" cb="0"/><line nr="7" mi="0" ci="1" mb="0" cb="0"/><counter type="INSTRUCTION" missed="0" covered="4"/><counter type="LINE" missed="0" covered="2"/><counter type="COMPLEXITY" missed="0" covered="1"/><counter type="METHOD" missed="0" covered="1"/><counter type="CLASS" missed="0" covered="1"/></sourcefile><sourcefile name="InvalidCredentialsException.java"><line nr="6" mi="0" ci="3" mb="0" cb="0"/><line nr="7" mi="0" ci="1" mb="0" cb="0"/><counter type="INSTRUCTION" missed="0" covered="4"/><counter type="LINE" missed="0" covered="2"/><counter type="COMPLEXITY" missed="0" covered="1"/><counter type="METHOD" missed="0" covered="1"/><counter type="CLASS" missed="0" covered="1"/></sourcefile><counter type="INSTRUCTION" missed="46" covered="76"/><counter type="LINE" missed="11" covered="23"/><counter type="COMPLEXITY" missed="2" covered="7"/><counter type="METHOD" missed="2" covered="7"/><counter type="CLASS" missed="0" covered="4"/></package><package name="com/econocom/auth/repository"><class name="com/econocom/auth/repository/UsuarioRepository" sourcefilename="UsuarioRepository.java"/><sourcefile name="UsuarioRepository.java"/></package><package name="com/econocom/auth"><class name="com/econocom/auth/AuthApplication" sourcefilename="AuthApplication.java"><method name="&lt;init&gt;" desc="()V" line="7"><counter type="INSTRUCTION" missed="0" covered="3"/><counter type="LINE" missed="0" covered="1"/><counter type="COMPLEXITY" missed="0" covered="1"/><counter type="METHOD" missed="0" covered="1"/></method><method name="main" desc="([Ljava/lang/String;)V" line="11"><counter type="INSTRUCTION" missed="5" covered="0"/><counter type="LINE" missed="2" covered="0"/><counter type="COMPLEXITY" missed="1" covered="0"/><counter type="METHOD" missed="1" covered="0"/></method><counter type="INSTRUCTION" missed="5" covered="3"/><counter type="LINE" missed="2" covered="1"/><counter type="COMPLEXITY" missed="1" covered="1"/><counter type="METHOD" missed="1" covered="1"/><counter type="CLASS" missed="0" covered="1"/></class><sourcefile name="AuthApplication.java"><line nr="7" mi="0" ci="3" mb="0" cb="0"/><line nr="11" mi="4" ci="0" mb="0" cb="0"/><line nr="12" mi="1" ci="0" mb="0" cb="0"/><counter type="INSTRUCTION" missed="5" covered="3"/><counter type="LINE" missed="2" covered="1"/><counter type="COMPLEXITY" missed="1" covered="1"/><counter type="METHOD" missed="1" covered="1"/><counter type="CLASS" missed="0" covered="1"/></sourcefile><counter type="INSTRUCTION" missed="5" covered="3"/><counter type="LINE" missed="2" covered="1"/><counter type="COMPLEXITY" missed="1" covered="1"/><counter type="METHOD" missed="1" covered="1"/><counter type="CLASS" missed="0" covered="1"/></package><package name="com/econocom/auth/controller"><class name="com/econocom/auth/controller/AuthController" sourcefilename="AuthController.java"><method name="&lt;clinit&gt;" desc="()V" line="24"><counter type="INSTRUCTION" missed="0" covered="7"/><counter type="LINE" missed="0" covered="2"/><counter type="COMPLEXITY" missed="0" covered="1"/><counter type="METHOD" missed="0" covered="1"/></method><method name="&lt;init&gt;" desc="(Lcom/econocom/auth/service/AuthService;)V" line="35"><counter type="INSTRUCTION" missed="0" covered="6"/><counter type="LINE" missed="0" covered="3"/><counter type="COMPLEXITY" missed="0" covered="1"/><counter type="METHOD" missed="0" covered="1"/></method><method name="login" desc="(Lcom/econocom/auth/model/LoginRequest;)Lorg/springframework/http/ResponseEntity;" line="42"><counter type="INSTRUCTION" missed="0" covered="25"/><counter type="LINE" missed="0" covered="6"/><counter type="COMPLEXITY" missed="0" covered="1"/><counter type="METHOD" missed="0" covered="1"/></method><method name="initiateSso" desc="()Lorg/springframework/http/ResponseEntity;" line="61"><counter type="INSTRUCTION" missed="0" covered="37"/><counter type="LINE" missed="0" covered="7"/><counter type="COMPLEXITY" missed="0" covered="1"/><counter type="METHOD" missed="0" covered="1"/></method><method name="handleSsoCallback" desc="(Ljava/lang/String;Ljava/lang/String;)Lorg/springframework/http/ResponseEntity;" line="92"><counter type="INSTRUCTION" missed="0" covered="44"/><counter type="BRANCH" missed="0" covered="4"/><counter type="LINE" missed="0" covered="8"/><counter type="COMPLEXITY" missed="0" covered="3"/><counter type="METHOD" missed="0" covered="1"/></method><counter type="INSTRUCTION" missed="0" covered="119"/><counter type="BRANCH" missed="0" covered="4"/><counter type="LINE" missed="0" covered="26"/><counter type="COMPLEXITY" missed="0" covered="7"/><counter type="METHOD" missed="0" covered="5"/><counter type="CLASS" missed="0" covered="1"/></class><sourcefile name="AuthController.java"><line nr="24" mi="0" ci="3" mb="0" cb="0"/><line nr="29" mi="0" ci="4" mb="0" cb="0"/><line nr="35" mi="0" ci="2" mb="0" cb="0"/><line nr="36" mi="0" ci="3" mb="0" cb="0"/><line nr="37" mi="0" ci="1" mb="0" cb="0"/><line nr="42" mi="0" ci="8" mb="0" cb="0"/><line nr="45" mi="0" ci="6" mb="0" cb="0"/><line nr="47" mi="0" ci="4" mb="0" cb="0"/><line nr="48" mi="0" ci="2" mb="0" cb="0"/><line nr="49" mi="0" ci="2" mb="0" cb="0"/><line nr="52" mi="0" ci="3" mb="0" cb="0"/><line nr="61" mi="0" ci="8" mb="0" cb="0"/><line nr="64" mi="0" ci="6" mb="0" cb="0"/><line nr="67" mi="0" ci="3" mb="0" cb="0"/><line nr="70" mi="0" ci="8" mb="0" cb="0"/><line nr="72" mi="0" ci="4" mb="0" cb="0"/><line nr="74" mi="0" ci="5" mb="0" cb="0"/><line nr="76" mi="0" ci="3" mb="0" cb="0"/><line nr="92" mi="0" ci="8" mb="0" cb="0"/><line nr="95" mi="0" ci="6" mb="0" cb="0"/><line nr="98" mi="0" ci="8" mb="0" cb="2"/><line nr="100" mi="0" ci="5" mb="0" cb="0"/><line nr="104" mi="0" ci="4" mb="0" cb="2"/><line nr="106" mi="0" ci="5" mb="0" cb="0"/><line nr="109" mi="0" ci="5" mb="0" cb="0"/><line nr="111" mi="0" ci="3" mb="0" cb="0"/><counter type="INSTRUCTION" missed="0" covered="119"/><counter type="BRANCH" missed="0" covered="4"/><counter type="LINE" missed="0" covered="26"/><counter type="COMPLEXITY" missed="0" covered="7"/><counter type="METHOD" missed="0" covered="5"/><counter type="CLASS" missed="0" covered="1"/></sourcefile><counter type="INSTRUCTION" missed="0" covered="119"/><counter type="BRANCH" missed="0" covered="4"/><counter type="LINE" missed="0" covered="26"/><counter type="COMPLEXITY" missed="0" covered="7"/><counter type="METHOD" missed="0" covered="5"/><counter type="CLASS" missed="0" covered="1"/></package><package name="com/econocom/auth/config"><class name="com/econocom/auth/config/SecurityConfig" sourcefilename="SecurityConfig.java"><method name="&lt;init&gt;" desc="(Lcom/econocom/auth/filter/JwtAuthenticationFilter;Lorg/springframework/web/cors/CorsConfigurationSource;)V" line="20"><counter type="INSTRUCTION" missed="0" covered="9"/><counter type="LINE" missed="0" covered="4"/><counter type="COMPLEXITY" missed="0" covered="1"/><counter type="METHOD" missed="0" covered="1"/></method><method name="filterChain" desc="(Lorg/springframework/security/config/annotation/web/builders/HttpSecurity;)Lorg/springframework/security/web/SecurityFilterChain;" line="30"><counter type="INSTRUCTION" missed="0" covered="53"/><counter type="LINE" missed="0" covered="16"/><counter type="COMPLEXITY" missed="0" covered="1"/><counter type="METHOD" missed="0" covered="1"/></method><counter type="INSTRUCTION" missed="0" covered="62"/><counter type="LINE" missed="0" covered="20"/><counter type="COMPLEXITY" missed="0" covered="2"/><counter type="METHOD" missed="0" covered="2"/><counter type="CLASS" missed="0" covered="1"/></class><class name="com/econocom/auth/config/CorsConfig" sourcefilename="CorsConfig.java"><method name="&lt;init&gt;" desc="()V" line="12"><counter type="INSTRUCTION" missed="0" covered="3"/><counter type="LINE" missed="0" covered="1"/><counter type="COMPLEXITY" missed="0" covered="1"/><counter type="METHOD" missed="0" covered="1"/></method><method name="corsConfigurationSource" desc="()Lorg/springframework/web/cors/CorsConfigurationSource;" line="17"><counter type="INSTRUCTION" missed="0" covered="65"/><counter type="LINE" missed="0" covered="8"/><counter type="COMPLEXITY" missed="0" covered="1"/><counter type="METHOD" missed="0" covered="1"/></method><counter type="INSTRUCTION" missed="0" covered="68"/><counter type="LINE" missed="0" covered="9"/><counter type="COMPLEXITY" missed="0" covered="2"/><counter type="METHOD" missed="0" covered="2"/><counter type="CLASS" missed="0" covered="1"/></class><sourcefile name="CorsConfig.java"><line nr="12" mi="0" ci="3" mb="0" cb="0"/><line nr="17" mi="0" ci="4" mb="0" cb="0"/><line nr="19" mi="0" ci="9" mb="0" cb="0"/><line nr="20" mi="0" ci="25" mb="0" cb="0"/><line nr="21" mi="0" ci="13" mb="0" cb="0"/><line nr="22" mi="0" ci="4" mb="0" cb="0"/><line nr="24" mi="0" ci="4" mb="0" cb="0"/><line nr="26" mi="0" ci="4" mb="0" cb="0"/><line nr="28" mi="0" ci="2" mb="0" cb="0"/><counter type="INSTRUCTION" missed="0" covered="68"/><counter type="LINE" missed="0" covered="9"/><counter type="COMPLEXITY" missed="0" covered="2"/><counter type="METHOD" missed="0" covered="2"/><counter type="CLASS" missed="0" covered="1"/></sourcefile><sourcefile name="SecurityConfig.java"><line nr="20" mi="0" ci="2" mb="0" cb="0"/><line nr="23" mi="0" ci="3" mb="0" cb="0"/><line nr="24" mi="0" ci="3" mb="0" cb="0"/><line nr="25" mi="0" ci="1" mb="0" cb="0"/><line nr="30" mi="0" ci="1" mb="0" cb="0"/><line nr="31" mi="0" ci="4" mb="0" cb="0"/><line nr="32" mi="0" ci="2" mb="0" cb="0"/><line nr="33" mi="0" ci="3" mb="0" cb="0"/><line nr="34" mi="0" ci="3" mb="0" cb="0"/><line nr="35" mi="0" ci="2" mb="0" cb="0"/><line nr="36" mi="0" ci="5" mb="0" cb="0"/><line nr="37" mi="0" ci="9" mb="0" cb="0"/><line nr="38" mi="0" ci="5" mb="0" cb="0"/><line nr="39" mi="0" ci="3" mb="0" cb="0"/><line nr="40" mi="0" ci="2" mb="0" cb="0"/><line nr="41" mi="0" ci="1" mb="0" cb="0"/><line nr="42" mi="0" ci="2" mb="0" cb="0"/><line nr="43" mi="0" ci="2" mb="0" cb="0"/><line nr="44" mi="0" ci="5" mb="0" cb="0"/><line nr="46" mi="0" ci="4" mb="0" cb="0"/><counter type="INSTRUCTION" missed="0" covered="62"/><counter type="LINE" missed="0" covered="20"/><counter type="COMPLEXITY" missed="0" covered="2"/><counter type="METHOD" missed="0" covered="2"/><counter type="CLASS" missed="0" covered="1"/></sourcefile><counter type="INSTRUCTION" missed="0" covered="130"/><counter type="LINE" missed="0" covered="29"/><counter type="COMPLEXITY" missed="0" covered="4"/><counter type="METHOD" missed="0" covered="4"/><counter type="CLASS" missed="0" covered="2"/></package><package name="com/econocom/auth/model"><class name="com/econocom/auth/model/SsoRedirectResponse" sourcefilename="SsoRedirectResponse.java"/><class name="com/econocom/auth/model/SsoCallbackRequest" sourcefilename="SsoCallbackRequest.java"/><class name="com/econocom/auth/model/Usuario" sourcefilename="Usuario.java"><method name="&lt;init&gt;" desc="()V" line="34"><counter type="INSTRUCTION" missed="0" covered="3"/><counter type="LINE" missed="0" covered="1"/><counter type="COMPLEXITY" missed="0" covered="1"/><counter type="METHOD" missed="0" covered="1"/></method><method name="&lt;init&gt;" desc="(Ljava/lang/String;Ljava/lang/String;Ljava/lang/String;Z)V" line="36"><counter type="INSTRUCTION" missed="15" covered="0"/><counter type="LINE" missed="6" covered="0"/><counter type="COMPLEXITY" missed="1" covered="0"/><counter type="METHOD" missed="1" covered="0"/></method><method name="getId" desc="()Ljava/lang/Long;" line="46"><counter type="INSTRUCTION" missed="0" covered="3"/><counter type="LINE" missed="0" covered="1"/><counter type="COMPLEXITY" missed="0" covered="1"/><counter type="METHOD" missed="0" covered="1"/></method><method name="setId" desc="(Ljava/lang/Long;)V" line="50"><counter type="INSTRUCTION" missed="0" covered="4"/><counter type="LINE" missed="0" covered="2"/><counter type="COMPLEXITY" missed="0" covered="1"/><counter type="METHOD" missed="0" covered="1"/></method><method name="getEmail" desc="()Ljava/lang/String;" line="54"><counter type="INSTRUCTION" missed="0" covered="3"/><counter type="LINE" missed="0" covered="1"/><counter type="COMPLEXITY" missed="0" covered="1"/><counter type="METHOD" missed="0" covered="1"/></method><method name="setEmail" desc="(Ljava/lang/String;)V" line="58"><counter type="INSTRUCTION" missed="0" covered="4"/><counter type="LINE" missed="0" covered="2"/><counter type="COMPLEXITY" missed="0" covered="1"/><counter type="METHOD" missed="0" covered="1"/></method><method name="getPassword" desc="()Ljava/lang/String;" line="62"><counter type="INSTRUCTION" missed="0" covered="3"/><counter type="LINE" missed="0" covered="1"/><counter type="COMPLEXITY" missed="0" covered="1"/><counter type="METHOD" missed="0" covered="1"/></method><method name="setPassword" desc="(Ljava/lang/String;)V" line="66"><counter type="INSTRUCTION" missed="0" covered="4"/><counter type="LINE" missed="0" covered="2"/><counter type="COMPLEXITY" missed="0" covered="1"/><counter type="METHOD" missed="0" covered="1"/></method><method name="getNombre" desc="()Ljava/lang/String;" line="70"><counter type="INSTRUCTION" missed="0" covered="3"/><counter type="LINE" missed="0" covered="1"/><counter type="COMPLEXITY" missed="0" covered="1"/><counter type="METHOD" missed="0" covered="1"/></method><method name="setNombre" desc="(Ljava/lang/String;)V" line="74"><counter type="INSTRUCTION" missed="0" covered="4"/><counter type="LINE" missed="0" covered="2"/><counter type="COMPLEXITY" missed="0" covered="1"/><counter type="METHOD" missed="0" covered="1"/></method><method name="isActivo" desc="()Z" line="78"><counter type="INSTRUCTION" missed="0" covered="3"/><counter type="LINE" missed="0" covered="1"/><counter type="COMPLEXITY" missed="0" covered="1"/><counter type="METHOD" missed="0" covered="1"/></method><method name="setActivo" desc="(Z)V" line="82"><counter type="INSTRUCTION" missed="0" covered="4"/><counter type="LINE" missed="0" covered="2"/><counter type="COMPLEXITY" missed="0" covered="1"/><counter type="METHOD" missed="0" covered="1"/></method><method name="toString" desc="()Ljava/lang/String;" line="87"><counter type="INSTRUCTION" missed="0" covered="30"/><counter type="LINE" missed="0" covered="6"/><counter type="COMPLEXITY" missed="0" covered="1"/><counter type="METHOD" missed="0" covered="1"/></method><counter type="INSTRUCTION" missed="15" covered="68"/><counter type="LINE" missed="6" covered="22"/><counter type="COMPLEXITY" missed="1" covered="12"/><counter type="METHOD" missed="1" covered="12"/><counter type="CLASS" missed="0" covered="1"/></class><class name="com/econocom/auth/model/LoginResponse" sourcefilename="LoginResponse.java"/><class name="com/econocom/auth/model/ErrorResponse" sourcefilename="ErrorResponse.java"/><class name="com/econocom/auth/model/LoginRequest" sourcefilename="LoginRequest.java"/><sourcefile name="SsoRedirectResponse.java"/><sourcefile name="ErrorResponse.java"/><sourcefile name="LoginResponse.java"/><sourcefile name="LoginRequest.java"/><sourcefile name="Usuario.java"><line nr="34" mi="0" ci="3" mb="0" cb="0"/><line nr="36" mi="2" ci="0" mb="0" cb="0"/><line nr="38" mi="3" ci="0" mb="0" cb="0"/><line nr="39" mi="3" ci="0" mb="0" cb="0"/><line nr="40" mi="3" ci="0" mb="0" cb="0"/><line nr="41" mi="3" ci="0" mb="0" cb="0"/><line nr="42" mi="1" ci="0" mb="0" cb="0"/><line nr="46" mi="0" ci="3" mb="0" cb="0"/><line nr="50" mi="0" ci="3" mb="0" cb="0"/><line nr="51" mi="0" ci="1" mb="0" cb="0"/><line nr="54" mi="0" ci="3" mb="0" cb="0"/><line nr="58" mi="0" ci="3" mb="0" cb="0"/><line nr="59" mi="0" ci="1" mb="0" cb="0"/><line nr="62" mi="0" ci="3" mb="0" cb="0"/><line nr="66" mi="0" ci="3" mb="0" cb="0"/><line nr="67" mi="0" ci="1" mb="0" cb="0"/><line nr="70" mi="0" ci="3" mb="0" cb="0"/><line nr="74" mi="0" ci="3" mb="0" cb="0"/><line nr="75" mi="0" ci="1" mb="0" cb="0"/><line nr="78" mi="0" ci="3" mb="0" cb="0"/><line nr="82" mi="0" ci="3" mb="0" cb="0"/><line nr="83" mi="0" ci="1" mb="0" cb="0"/><line nr="87" mi="0" ci="6" mb="0" cb="0"/><line nr="88" mi="0" ci="3" mb="0" cb="0"/><line nr="89" mi="0" ci="7" mb="0" cb="0"/><line nr="90" mi="0" ci="7" mb="0" cb="0"/><line nr="91" mi="0" ci="5" mb="0" cb="0"/><line nr="92" mi="0" ci="2" mb="0" cb="0"/><counter type="INSTRUCTION" missed="15" covered="68"/><counter type="LINE" missed="6" covered="22"/><counter type="COMPLEXITY" missed="1" covered="12"/><counter type="METHOD" missed="1" covered="12"/><counter type="CLASS" missed="0" covered="1"/></sourcefile><sourcefile name="SsoCallbackRequest.java"/><counter type="INSTRUCTION" missed="15" covered="68"/><counter type="LINE" missed="6" covered="22"/><counter type="COMPLEXITY" missed="1" covered="12"/><counter type="METHOD" missed="1" covered="12"/><counter type="CLASS" missed="0" covered="1"/></package><package name="com/econocom/auth/filter"><class name="com/econocom/auth/filter/JwtAuthenticationFilter" sourcefilename="JwtAuthenticationFilter.java"><method name="&lt;clinit&gt;" desc="()V" line="24"><counter type="INSTRUCTION" missed="0" covered="7"/><counter type="LINE" missed="0" covered="3"/><counter type="COMPLEXITY" missed="0" covered="1"/><counter type="METHOD" missed="0" covered="1"/></method><method name="&lt;init&gt;" desc="(Lcom/econocom/auth/util/JwtUtil;)V" line="37"><counter type="INSTRUCTION" missed="0" covered="6"/><counter type="LINE" missed="0" covered="3"/><counter type="COMPLEXITY" missed="0" covered="1"/><counter type="METHOD" missed="0" covered="1"/></method><method name="doFilterInternal" desc="(Ljavax/servlet/http/HttpServletRequest;Ljavax/servlet/http/HttpServletResponse;Ljavax/servlet/FilterChain;)V" line="46"><counter type="INSTRUCTION" missed="0" covered="129"/><counter type="BRANCH" missed="2" covered="8"/><counter type="LINE" missed="0" covered="26"/><counter type="COMPLEXITY" missed="2" covered="4"/><counter type="METHOD" missed="0" covered="1"/></method><counter type="INSTRUCTION" missed="0" covered="142"/><counter type="BRANCH" missed="2" covered="8"/><counter type="LINE" missed="0" covered="32"/><counter type="COMPLEXITY" missed="2" covered="6"/><counter type="METHOD" missed="0" covered="3"/><counter type="CLASS" missed="0" covered="1"/></class><sourcefile name="JwtAuthenticationFilter.java"><line nr="24" mi="0" ci="3" mb="0" cb="0"/><line nr="28" mi="0" ci="3" mb="0" cb="0"/><line nr="32" mi="0" ci="1" mb="0" cb="0"/><line nr="37" mi="0" ci="2" mb="0" cb="0"/><line nr="39" mi="0" ci="3" mb="0" cb="0"/><line nr="40" mi="0" ci="1" mb="0" cb="0"/><line nr="46" mi="0" ci="8" mb="0" cb="0"/><line nr="49" mi="0" ci="6" mb="0" cb="0"/><line nr="51" mi="0" ci="4" mb="0" cb="0"/><line nr="53" mi="0" ci="2" mb="0" cb="0"/><line nr="54" mi="0" ci="2" mb="0" cb="0"/><line nr="56" mi="0" ci="6" mb="0" cb="4"/><line nr="58" mi="0" ci="5" mb="0" cb="0"/><line nr="61" mi="0" ci="5" mb="0" cb="0"/><line nr="63" mi="0" ci="5" mb="0" cb="0"/><line nr="64" mi="0" ci="8" mb="0" cb="0"/><line nr="66" mi="0" ci="2" mb="0" cb="0"/><line nr="68" mi="0" ci="5" mb="0" cb="0"/><line nr="69" mi="0" ci="9" mb="0" cb="0"/><line nr="73" mi="0" ci="2" mb="0" cb="2"/><line nr="74" mi="0" ci="3" mb="1" cb="1"/><line nr="75" mi="0" ci="6" mb="1" cb="1"/><line nr="78" mi="0" ci="6" mb="0" cb="0"/><line nr="80" mi="0" ci="9" mb="0" cb="0"/><line nr="82" mi="0" ci="1" mb="0" cb="0"/><line nr="83" mi="0" ci="7" mb="0" cb="0"/><line nr="85" mi="0" ci="7" mb="0" cb="0"/><line nr="87" mi="0" ci="5" mb="0" cb="0"/><line nr="88" mi="0" ci="8" mb="0" cb="0"/><line nr="90" mi="0" ci="3" mb="0" cb="0"/><line nr="93" mi="0" ci="4" mb="0" cb="0"/><line nr="94" mi="0" ci="1" mb="0" cb="0"/><counter type="INSTRUCTION" missed="0" covered="142"/><counter type="BRANCH" missed="2" covered="8"/><counter type="LINE" missed="0" covered="32"/><counter type="COMPLEXITY" missed="2" covered="6"/><counter type="METHOD" missed="0" covered="3"/><counter type="CLASS" missed="0" covered="1"/></sourcefile><counter type="INSTRUCTION" missed="0" covered="142"/><counter type="BRANCH" missed="2" covered="8"/><counter type="LINE" missed="0" covered="32"/><counter type="COMPLEXITY" missed="2" covered="6"/><counter type="METHOD" missed="0" covered="3"/><counter type="CLASS" missed="0" covered="1"/></package><package name="com/econocom/auth/service"><class name="com/econocom/auth/service/AuthService" sourcefilename="AuthService.java"/><class name="com/econocom/auth/service/AuthServiceImpl" sourcefilename="AuthServiceImpl.java"><method name="&lt;clinit&gt;" desc="()V" line="19"><counter type="INSTRUCTION" missed="0" covered="7"/><counter type="LINE" missed="0" covered="3"/><counter type="COMPLEXITY" missed="0" covered="1"/><counter type="METHOD" missed="0" covered="1"/></method><method name="&lt;init&gt;" desc="(Lcom/econocom/auth/util/JwtUtil;Lcom/econocom/auth/repository/UsuarioRepository;)V" line="40"><counter type="INSTRUCTION" missed="0" covered="9"/><counter type="LINE" missed="0" covered="4"/><counter type="COMPLEXITY" missed="0" covered="1"/><counter type="METHOD" missed="0" covered="1"/></method><method name="authenticate" desc="(Ljava/lang/String;Ljava/lang/String;)Lcom/econocom/auth/model/LoginResponse;" line="49"><counter type="INSTRUCTION" missed="0" covered="134"/><counter type="BRANCH" missed="0" covered="8"/><counter type="LINE" missed="0" covered="21"/><counter type="COMPLEXITY" missed="0" covered="5"/><counter type="METHOD" missed="0" covered="1"/></method><method name="authenticateSso" desc="(Ljava/lang/String;)Lcom/econocom/auth/model/LoginResponse;" line="95"><counter type="INSTRUCTION" missed="0" covered="79"/><counter type="BRANCH" missed="0" covered="2"/><counter type="LINE" missed="0" covered="13"/><counter type="COMPLEXITY" missed="0" covered="2"/><counter type="METHOD" missed="0" covered="1"/></method><method name="lambda$1" desc="()Lcom/econocom/auth/exception/SsoException;" line="106"><counter type="INSTRUCTION" missed="0" covered="5"/><counter type="LINE" missed="0" covered="1"/><counter type="COMPLEXITY" missed="0" covered="1"/><counter type="METHOD" missed="0" covered="1"/></method><counter type="INSTRUCTION" missed="0" covered="234"/><counter type="BRANCH" missed="0" covered="10"/><counter type="LINE" missed="0" covered="41"/><counter type="COMPLEXITY" missed="0" covered="10"/><counter type="METHOD" missed="0" covered="5"/><counter type="CLASS" missed="0" covered="1"/></class><sourcefile name="AuthServiceImpl.java"><line nr="19" mi="0" ci="3" mb="0" cb="0"/><line nr="24" mi="0" ci="3" mb="0" cb="0"/><line nr="28" mi="0" ci="1" mb="0" cb="0"/><line nr="40" mi="0" ci="2" mb="0" cb="0"/><line nr="42" mi="0" ci="3" mb="0" cb="0"/><line nr="43" mi="0" ci="3" mb="0" cb="0"/><line nr="44" mi="0" ci="1" mb="0" cb="0"/><line nr="49" mi="0" ci="8" mb="0" cb="0"/><line nr="52" mi="0" ci="6" mb="0" cb="0"/><line nr="54" mi="0" ci="16" mb="0" cb="4"/><line nr="56" mi="0" ci="4" mb="0" cb="0"/><line nr="59" mi="0" ci="5" mb="0" cb="0"/><line nr="60" mi="0" ci="3" mb="0" cb="0"/><line nr="62" mi="0" ci="5" mb="0" cb="0"/><line nr="63" mi="0" ci="9" mb="0" cb="0"/><line nr="65" mi="0" ci="5" mb="0" cb="2"/><line nr="67" mi="0" ci="4" mb="0" cb="0"/><line nr="70" mi="0" ci="3" mb="0" cb="2"/><line nr="72" mi="0" ci="4" mb="0" cb="0"/><line nr="75" mi="0" ci="5" mb="0" cb="0"/><line nr="76" mi="0" ci="5" mb="0" cb="0"/><line nr="78" mi="0" ci="3" mb="0" cb="0"/><line nr="80" mi="0" ci="5" mb="0" cb="0"/><line nr="81" mi="0" ci="12" mb="0" cb="0"/><line nr="83" mi="0" ci="5" mb="0" cb="0"/><line nr="84" mi="0" ci="12" mb="0" cb="0"/><line nr="87" mi="0" ci="6" mb="0" cb="0"/><line nr="89" mi="0" ci="9" mb="0" cb="0"/><line nr="95" mi="0" ci="8" mb="0" cb="0"/><line nr="98" mi="0" ci="6" mb="0" cb="0"/><line nr="100" mi="0" ci="8" mb="0" cb="2"/><line nr="102" mi="0" ci="5" mb="0" cb="0"/><line nr="105" mi="0" ci="4" mb="0" cb="0"/><line nr="106" mi="0" ci="8" mb="0" cb="0"/><line nr="108" mi="0" ci="5" mb="0" cb="0"/><line nr="109" mi="0" ci="5" mb="0" cb="0"/><line nr="111" mi="0" ci="5" mb="0" cb="0"/><line nr="112" mi="0" ci="8" mb="0" cb="0"/><line nr="113" mi="0" ci="5" mb="0" cb="0"/><line nr="114" mi="0" ci="8" mb="0" cb="0"/><line nr="116" mi="0" ci="9" mb="0" cb="0"/><counter type="INSTRUCTION" missed="0" covered="234"/><counter type="BRANCH" missed="0" covered="10"/><counter type="LINE" missed="0" covered="41"/><counter type="COMPLEXITY" missed="0" covered="10"/><counter type="METHOD" missed="0" covered="5"/><counter type="CLASS" missed="0" covered="1"/></sourcefile><sourcefile name="AuthService.java"/><counter type="INSTRUCTION" missed="0" covered="234"/><counter type="BRANCH" missed="0" covered="10"/><counter type="LINE" missed="0" covered="41"/><counter type="COMPLEXITY" missed="0" covered="10"/><counter type="METHOD" missed="0" covered="5"/><counter type="CLASS" missed="0" covered="1"/></package><counter type="INSTRUCTION" missed="68" covered="954"/><counter type="BRANCH" missed="3" covered="33"/><counter type="LINE" missed="19" covered="225"/><counter type="COMPLEXITY" missed="7" covered="68"/><counter type="METHOD" missed="4" covered="51"/><counter type="CLASS" missed="0" covered="13"/></report>