<?xml version="1.0" encoding="UTF-8"?>
<testsuite xmlns:xsi="http://www.w3.org/2001/XMLSchema-instance" xsi:noNamespaceSchemaLocation="https://maven.apache.org/surefire/maven-surefire-plugin/xsd/surefire-test-report.xsd" name="com.econocom.auth.repository.UsuarioRepositoryIntegrationTest" time="0.466" tests="13" errors="0" skipped="0" failures="0">
  <properties>
[...]
</properties>
  <testcase name="findByEmail_ExistingUser_ReturnsUser" classname="com.econocom.auth.repository.UsuarioRepositoryIntegrationTest" time="0.28"/>
  <testcase name="existsByEmail_AfterDelete_ReturnsFalse" classname="com.econocom.auth.repository.UsuarioRepositoryIntegrationTest" time="0.035"/>
  <testcase name="deleteByEmail_User_RemovesFromDatabase" classname="com.econocom.auth.repository.UsuarioRepositoryIntegrationTest" time="0.017"/>
  <testcase name="findByEmail_NonExistingUser_ReturnsEmpty" classname="com.econocom.auth.repository.UsuarioRepositoryIntegrationTest" time="0.006"/>
  <testcase name="save_NewUser_GeneratesId" classname="com.econocom.auth.repository.UsuarioRepositoryIntegrationTest" time="0.008"/>
  <testcase name="findByEmail_DifferentCase_ReturnsEmpty" classname="com.econocom.auth.repository.UsuarioRepositoryIntegrationTest" time="0.009"/>
  <testcase name="existsByEmail_NonExistingUser_ReturnsFalse" classname="com.econocom.auth.repository.UsuarioRepositoryIntegrationTest" time="0.008"/>
  <testcase name="findAll_AfterDelete_ReturnsUpdatedList" classname="com.econocom.auth.repository.UsuarioRepositoryIntegrationTest" time="0.033"/>
  <testcase name="deleteById_User_RemovesFromDatabase" classname="com.econocom.auth.repository.UsuarioRepositoryIntegrationTest" time="0.01"/>
  <testcase name="save_UpdateExistingUser_KeepsId" classname="com.econocom.auth.repository.UsuarioRepositoryIntegrationTest" time="0.012"/>
  <testcase name="findAll_ReturnsAllUsers" classname="com.econocom.auth.repository.UsuarioRepositoryIntegrationTest" time="0.014"/>
  <testcase name="existsByEmail_ExistingUser_ReturnsTrue" classname="com.econocom.auth.repository.UsuarioRepositoryIntegrationTest" time="0.011"/>
  <testcase name="delete_User_RemovesFromDatabase" classname="com.econocom.auth.repository.UsuarioRepositoryIntegrationTest" time="0.009"/>
</testsuite>